running develop
running egg_info
creating robot_skill.egg-info
writing robot_skill.egg-info/PKG-INFO
writing dependency_links to robot_skill.egg-info/dependency_links.txt
writing entry points to robot_skill.egg-info/entry_points.txt
writing requirements to robot_skill.egg-info/requires.txt
writing top-level names to robot_skill.egg-info/top_level.txt
writing manifest file 'robot_skill.egg-info/SOURCES.txt'
reading manifest file 'robot_skill.egg-info/SOURCES.txt'
writing manifest file 'robot_skill.egg-info/SOURCES.txt'
running build_ext
Creating /home/xspace/ros2_ws/install/robot_skill/lib/python3.10/site-packages/robot-skill.egg-link (link to .)

Installed /home/xspace/ros2_ws/build/robot_skill
running symlink_data
creating /home/xspace/ros2_ws/install/robot_skill/share/ament_index
creating /home/xspace/ros2_ws/install/robot_skill/share/ament_index/resource_index
creating /home/xspace/ros2_ws/install/robot_skill/share/ament_index/resource_index/packages
symbolically linking /home/xspace/ros2_ws/build/robot_skill/resource/robot_skill -> /home/xspace/ros2_ws/install/robot_skill/share/ament_index/resource_index/packages
symbolically linking /home/xspace/ros2_ws/build/robot_skill/package.xml -> /home/xspace/ros2_ws/install/robot_skill/share/robot_skill
