[0.292s] Invoking command in '/home/xspace/ros2_ws/build/robot_skill': PYTHONPATH=/home/xspace/ros2_ws/build/robot_skill/prefix_override:/usr/lib/python3/dist-packages/colcon_core/task/python/colcon_distutils_commands:/home/xspace/ros2_ws/install/robot_skill/lib/python3.10/site-packages:${PYTHONPATH} /usr/bin/python3 -W ignore:setup.py install is deprecated -W ignore:easy_install command is deprecated setup.py develop --editable --build-directory /home/xspace/ros2_ws/build/robot_skill/build --no-deps symlink_data
[0.400s] running develop
[0.423s] /usr/lib/python3/dist-packages/pkg_resources/__init__.py:116: PkgResourcesDeprecationWarning: 1.1build1 is an invalid version and will not be supported in a future release
[0.423s]   warnings.warn(
[0.456s] running egg_info
[0.457s] creating robot_skill.egg-info
[0.457s] writing robot_skill.egg-info/PKG-INFO
[0.457s] writing dependency_links to robot_skill.egg-info/dependency_links.txt
[0.457s] writing entry points to robot_skill.egg-info/entry_points.txt
[0.457s] writing requirements to robot_skill.egg-info/requires.txt
[0.457s] writing top-level names to robot_skill.egg-info/top_level.txt
[0.457s] writing manifest file 'robot_skill.egg-info/SOURCES.txt'
[0.458s] reading manifest file 'robot_skill.egg-info/SOURCES.txt'
[0.458s] writing manifest file 'robot_skill.egg-info/SOURCES.txt'
[0.459s] running build_ext
[0.459s] Creating /home/xspace/ros2_ws/install/robot_skill/lib/python3.10/site-packages/robot-skill.egg-link (link to .)
[0.460s] 
[0.460s] Installed /home/xspace/ros2_ws/build/robot_skill
[0.460s] running symlink_data
[0.460s] creating /home/xspace/ros2_ws/install/robot_skill/share/ament_index
[0.460s] creating /home/xspace/ros2_ws/install/robot_skill/share/ament_index/resource_index
[0.460s] creating /home/xspace/ros2_ws/install/robot_skill/share/ament_index/resource_index/packages
[0.460s] symbolically linking /home/xspace/ros2_ws/build/robot_skill/resource/robot_skill -> /home/xspace/ros2_ws/install/robot_skill/share/ament_index/resource_index/packages
[0.460s] symbolically linking /home/xspace/ros2_ws/build/robot_skill/package.xml -> /home/xspace/ros2_ws/install/robot_skill/share/robot_skill
[0.471s] Invoked command in '/home/xspace/ros2_ws/build/robot_skill' returned '0': PYTHONPATH=/home/xspace/ros2_ws/build/robot_skill/prefix_override:/usr/lib/python3/dist-packages/colcon_core/task/python/colcon_distutils_commands:/home/xspace/ros2_ws/install/robot_skill/lib/python3.10/site-packages:${PYTHONPATH} /usr/bin/python3 -W ignore:setup.py install is deprecated -W ignore:easy_install command is deprecated setup.py develop --editable --build-directory /home/xspace/ros2_ws/build/robot_skill/build --no-deps symlink_data
